
> fabric-defect-detection-frontend@1.0.0 dev
> vite


  [32m[1mVITE[22m v5.4.21[39m  [2mready in [0m[1m294[22m[2m[0m ms[22m

  [32m➜[39m  [1mLocal[22m:   [36mhttp://localhost:[1m3000[22m/[39m
[2m  [32m➜[39m  [1mNetwork[22m[2m: use [22m[1m--host[22m[2m to expose[22m
[2m2:37:21 PM[22m [36m[1m[vite][22m[39m [32mhmr update [39m[2m/src/pages/Login.jsx, /src/index.css[22m
[2m3:22:43 PM[22m [36m[1m[vite][22m[39m [32mhmr update [39m[2m/src/pages/Dashboard.jsx, /src/index.css[22m
[2m3:31:30 PM[22m [36m[1m[vite][22m[39m [32mhmr update [39m[2m/src/pages/Dashboard.jsx, /src/index.css[22m
[2m3:31:33 PM[22m [36m[1m[vite][22m[39m [32mhmr update [39m[2m/src/pages/Dashboard.jsx, /src/index.css[22m
[2m7:46:33 PM[22m [36m[1m[vite][22m[39m [32mhmr update [39m[2m/src/pages/Dashboard.jsx, /src/index.css[22m
[2m7:47:00 PM[22m [36m[1m[vite][22m[39m [32mhmr update [39m[2m/src/pages/Dashboard.jsx, /src/index.css[22m
[2m7:50:50 PM[22m [36m[1m[vite][22m[39m [32mhmr update [39m[2m/src/pages/Dashboard.jsx, /src/index.css[22m
[2m7:59:06 PM[22m [36m[1m[vite][22m[39m [32mhmr update [39m[2m/src/pages/Dashboard.jsx, /src/index.css[22m
[2m8:00:04 PM[22m [36m[1m[vite][22m[39m [32mhmr update [39m[2m/src/pages/Dashboard.jsx, /src/index.css[22m
[2m8:00:54 PM[22m [36m[1m[vite][22m[39m [32mhmr update [39m[2m/src/pages/Dashboard.jsx, /src/index.css[22m
[2m8:02:02 PM[22m [36m[1m[vite][22m[39m [32mhmr update [39m[2m/src/pages/Dashboard.jsx, /src/index.css[22m
[2m8:08:26 PM[22m [36m[1m[vite][22m[39m [32mhmr update [39m[2m/src/pages/Dashboard.jsx, /src/index.css[22m
[2m8:08:49 PM[22m [36m[1m[vite][22m[39m [32mhmr update [39m[2m/src/pages/Dashboard.jsx, /src/index.css[22m
[2m8:09:57 PM[22m [36m[1m[vite][22m[39m [32mhmr update [39m[2m/src/pages/Dashboard.jsx, /src/index.css[22m
[2m8:45:05 PM[22m [36m[1m[vite][22m[39m [32mhmr update [39m[2m/src/index.css, /src/context/AuthContext.jsx, /src/pages/ImageUpload.jsx, /src/pages/Dashboard.jsx, /src/pages/LiveStream.jsx[22m
[2m8:45:05 PM[22m [36m[1m[vite][22m[39m [33mhmr invalidate [39m[2m/src/context/AuthContext.jsx[22m Could not Fast Refresh ("useAuth" export is incompatible). Learn more at https://github.com/vitejs/vite-plugin-react/tree/main/packages/plugin-react#consistent-components-exports
[2m8:45:05 PM[22m [36m[1m[vite][22m[39m [32mhmr update [39m[2m/src/App.jsx, /src/index.css, /src/components/Navbar.jsx, /src/components/ProtectedRoute.jsx, /src/pages/Login.jsx, /src/pages/Register.jsx, /src/components/LoadingSpinner.jsx[22m
[2m8:58:03 PM[22m [36m[1m[vite][22m[39m [32mhmr update [39m[2m/src/index.css, /src/context/AuthContext.jsx, /src/pages/ImageUpload.jsx, /src/pages/Dashboard.jsx, /src/pages/LiveStream.jsx[22m
[2m8:58:04 PM[22m [36m[1m[vite][22m[39m [33mhmr invalidate [39m[2m/src/context/AuthContext.jsx[22m Could not Fast Refresh ("useAuth" export is incompatible). Learn more at https://github.com/vitejs/vite-plugin-react/tree/main/packages/plugin-react#consistent-components-exports
[2m8:58:04 PM[22m [36m[1m[vite][22m[39m [32mhmr update [39m[2m/src/App.jsx, /src/index.css, /src/components/Navbar.jsx, /src/components/ProtectedRoute.jsx, /src/pages/Login.jsx, /src/pages/Register.jsx, /src/components/LoadingSpinner.jsx[22m
[2m9:09:44 PM[22m [36m[1m[vite][22m[39m [32mhmr update [39m[2m/src/pages/Dashboard.jsx, /src/index.css[22m
[2m9:15:56 PM[22m [36m[1m[vite][22m[39m [32mhmr update [39m[2m/src/index.css, /src/context/AuthContext.jsx, /src/pages/ImageUpload.jsx, /src/pages/Dashboard.jsx, /src/pages/LiveStream.jsx[22m
[2m9:27:10 PM[22m [36m[1m[vite][22m[39m [33mhmr invalidate [39m[2m/src/context/AuthContext.jsx[22m Could not Fast Refresh ("useAuth" export is incompatible). Learn more at https://github.com/vitejs/vite-plugin-react/tree/main/packages/plugin-react#consistent-components-exports
[2m9:27:10 PM[22m [36m[1m[vite][22m[39m [32mhmr update [39m[2m/src/App.jsx, /src/index.css, /src/components/Navbar.jsx, /src/components/ProtectedRoute.jsx, /src/pages/Login.jsx, /src/pages/Register.jsx, /src/components/LoadingSpinner.jsx[22m
[2m11:10:28 PM[22m [36m[1m[vite][22m[39m [32mhmr update [39m[2m/src/pages/Dashboard.jsx, /src/index.css[22m
[2m11:10:50 PM[22m [31m[1m[vite][22m[39m Pre-transform error: Failed to load url /src/pages/Dashboard.jsx (resolved id: C:/Users/HP/Desktop/FYP Final/frontend/src/pages/Dashboard.jsx) in C:/Users/HP/Desktop/FYP Final/frontend/src/App.jsx. Does the file exist?
[2m11:12:48 PM[22m [36m[1m[vite][22m[39m [32mhmr update [39m[2m/src/components/Navbar.jsx, /src/index.css[22m
[2m11:13:07 PM[22m [36m[1m[vite][22m[39m [32mhmr update [39m[2m/src/App.jsx, /src/index.css[22m
[2m11:13:14 PM[22m [36m[1m[vite][22m[39m [32mhmr update [39m[2m/src/App.jsx, /src/index.css[22m
[2m11:13:19 PM[22m [36m[1m[vite][22m[39m [32mhmr update [39m[2m/src/App.jsx, /src/index.css[22m
[2m11:13:38 PM[22m [36m[1m[vite][22m[39m [32mhmr update [39m[2m/src/App.jsx, /src/index.css[22m
[2m11:14:02 PM[22m [36m[1m[vite][22m[39m [32mhmr update [39m[2m/src/App.jsx, /src/index.css[22m
[2m11:18:06 PM[22m [36m[1m[vite][22m[39m [32mhmr update [39m[2m/src/pages/ImageUpload.jsx, /src/index.css[22m
[2m11:18:16 PM[22m [36m[1m[vite][22m[39m [32mhmr update [39m[2m/src/pages/LiveStream.jsx, /src/index.css[22m
[2m11:37:46 PM[22m [36m[1m[vite][22m[39m [32mhmr update [39m[2m/src/pages/Register.jsx, /src/index.css[22m
[2m11:37:55 PM[22m [36m[1m[vite][22m[39m [32mhmr update [39m[2m/src/pages/Register.jsx, /src/index.css[22m
[2m11:50:08 PM[22m [36m[1m[vite][22m[39m [32mhmr update [39m[2m/src/pages/Register.jsx, /src/index.css[22m

> fabric-defect-detection-frontend@1.0.0 dev
> vite


  [32m[1mVITE[22m v5.4.21[39m  [2mready in [0m[1m872[22m[2m[0m ms[22m

  [32m➜[39m  [1mLocal[22m:   [36mhttp://localhost:[1m3000[22m/[39m
[2m  [32m➜[39m  [1mNetwork[22m[2m: use [22m[1m--host[22m[2m to expose[22m
[2m10:26:03 PM[22m [36m[1m[vite][22m[39m [32mhmr update [39m[2m/src/pages/ImageUpload.jsx, /src/index.css[22m
[2m10:28:27 PM[22m [36m[1m[vite][22m[39m [32mhmr update [39m[2m/src/pages/Register.jsx, /src/index.css[22m

> fabric-defect-detection-frontend@1.0.0 dev
> vite


  [32m[1mVITE[22m v5.4.21[39m  [2mready in [0m[1m498[22m[2m[0m ms[22m

  [32m➜[39m  [1mLocal[22m:   [36mhttp://localhost:[1m3000[22m/[39m
[2m  [32m➜[39m  [1mNetwork[22m[2m: use [22m[1m--host[22m[2m to expose[22m

> fabric-defect-detection-frontend@1.0.0 dev
> vite


  [32m[1mVITE[22m v5.4.21[39m  [2mready in [0m[1m2092[22m[2m[0m ms[22m

  [32m➜[39m  [1mLocal[22m:   [36mhttp://localhost:[1m3000[22m/[39m
[2m  [32m➜[39m  [1mNetwork[22m[2m: use [22m[1m--host[22m[2m to expose[22m
